<?xml version="1.0" encoding="UTF-8"?>
<!-- Generated by org.testng.reporters.JUnitReportReporter -->
<testsuite hostname="DESKTOP-NT5J1B8" failures="0" tests="1" name="tests.SearchProductTest" time="7.558" errors="0" timestamp="2023-11-16T16:52:49 CET" skipped="0">
  <testcase classname="tests.SearchProductTest" name="SearchForProduct" time="7.558"/>
</testsuite> <!-- tests.SearchProductTest -->
