<?xml version="1.0" encoding="UTF-8"?>
<!-- Generated by org.testng.reporters.JUnitReportReporter -->
<testsuite hostname="DESKTOP-NT5J1B8" failures="0" tests="1" name="tests.UserRegistierungTest" time="2.373" errors="0" timestamp="2023-11-16T16:46:00 CET" skipped="0">
  <testcase classname="tests.UserRegistierungTest" name="userErfolgRegistirerung" time="2.373"/>
</testsuite> <!-- tests.UserRegistierungTest -->
