<?xml version="1.0" encoding="UTF-8"?>
<!-- Generated by org.testng.reporters.JUnitReportReporter -->
<testsuite hostname="DESKTOP-NT5J1B8" failures="0" tests="1" name="tests.AddToCart" time="0.250" errors="0" timestamp="2023-11-03T11:58:26 CET" skipped="0">
  <testcase classname="tests.AddToCart" name="AddtoCart" time="0.250"/>
</testsuite> <!-- tests.AddToCart -->
