<?xml version="1.0" encoding="UTF-8"?>
<!-- Generated by org.testng.reporters.JUnitReportReporter -->
<testsuite hostname="DESKTOP-NT5J1B8" failures="0" tests="1" name="tests.LoginTest" time="0.698" errors="0" timestamp="2024-01-18T10:57:47 CET" skipped="0">
  <testcase classname="tests.LoginTest" name="userCanLogin" time="0.698"/>
</testsuite> <!-- tests.LoginTest -->
